#
# There is insufficient memory for the Java Runtime Environment to continue.
# Native memory allocation (mmap) failed to map 14680064 bytes for G1 virtual space
# Possible reasons:
#   The system is out of physical RAM or swap space
#   The process is running with CompressedOops enabled, and the Java Heap may be blocking the growth of the native heap
# Possible solutions:
#   Reduce memory load on the system
#   Increase physical memory or swap space
#   Check if swap backing store is full
#   Decrease Java heap size (-Xmx/-Xms)
#   Decrease number of Java threads
#   Decrease Java thread stack sizes (-Xss)
#   Set larger code cache with -XX:ReservedCodeCacheSize=
#   JVM is running with Unscaled Compressed Oops mode in which the Java heap is
#     placed in the first 4GB address space. The Java Heap base address is the
#     maximum limit for the native heap growth. Please use -XX:HeapBaseMinAddress
#     to set the Java Heap base and to place the Java Heap above 4GB virtual address.
# This output file may be truncated or incomplete.
#
#  Out of Memory Error (os_windows.cpp:3527), pid=12248, tid=11220
#
# JRE version: OpenJDK Runtime Environment (19.0+36) (build 19+36-2238)
# Java VM: OpenJDK 64-Bit Server VM (19+36-2238, mixed mode, emulated-client, sharing, tiered, compressed oops, compressed class ptrs, g1 gc, windows-amd64)
# No core dump will be written. Minidumps are not enabled by default on client versions of Windows
#

---------------  S U M M A R Y ------------

Command Line: -XX:TieredStopAtLevel=1 -Xverify:none -Dspring.output.ansi.enabled=always -Dcom.sun.management.jmxremote -Dspring.jmx.enabled=true -Dspring.liveBeansView.mbeanDomain -Dspring.application.admin.enabled=true -javaagent:C:\Program Files\JetBrains\IntelliJ IDEA 2022.1\lib\idea_rt.jar=1702:C:\Program Files\JetBrains\IntelliJ IDEA 2022.1\bin -Dfile.encoding=UTF-8 com.example.Ticketing.TicketingApplication

Host: Intel(R) Core(TM) i7-3632QM CPU @ 2.20GHz, 8 cores, 7G,  Windows 10 , 64 bit Build 19041 (10.0.19041.1706)
Time: Thu May 11 21:58:21 2023 E. Africa Standard Time elapsed time: 253.385879 seconds (0d 0h 4m 13s)

---------------  T H R E A D  ---------------

Current thread (0x000001eb25615aa0):  VMThread "VM Thread" [stack: 0x000000d13ae00000,0x000000d13af00000] [id=11220]

Stack: [0x000000d13ae00000,0x000000d13af00000]
Native frames: (J=compiled Java code, j=interpreted, Vv=VM code, C=native code)
V  [jvm.dll+0x6ee8fa]
V  [jvm.dll+0x857a1e]
V  [jvm.dll+0x85940e]
V  [jvm.dll+0x859ac3]
V  [jvm.dll+0x28291f]
V  [jvm.dll+0x6eb6e9]
V  [jvm.dll+0x6e028a]
V  [jvm.dll+0x357136]
V  [jvm.dll+0x35eb96]
V  [jvm.dll+0x3b555e]
V  [jvm.dll+0x3b578f]
V  [jvm.dll+0x32c6ea]
V  [jvm.dll+0x32c797]
V  [jvm.dll+0x374b52]
V  [jvm.dll+0x37328f]
V  [jvm.dll+0x32bf10]
V  [jvm.dll+0x37282b]
V  [jvm.dll+0x85ef83]
V  [jvm.dll+0x85fd49]
V  [jvm.dll+0x86027d]
V  [jvm.dll+0x86070b]
V  [jvm.dll+0x8607c7]
V  [jvm.dll+0x8015fa]
V  [jvm.dll+0x6ed5eb]
C  [ucrtbase.dll+0x21bb2]
C  [KERNEL32.DLL+0x17034]
C  [ntdll.dll+0x52651]

VM_Operation (0x000000d13d1f7d30): G1CollectForAllocation, mode: safepoint, requested by thread 0x000001eb2b14f040


---------------  P R O C E S S  ---------------

Threads class SMR info:
_java_thread_list=0x000001eb2b68b200, length=30, elements={
0x000001eb25630040, 0x000001eb25630fd0, 0x000001eb25636190, 0x000001eb25638f30,
0x000001eb2563a870, 0x000001eb2563b760, 0x000001eb2563f870, 0x000001eb256404c0,
0x000001eb256041a0, 0x000001eb29c70d80, 0x000001eb29c75850, 0x000001eb29dc61a0,
0x000001eb2a2ef710, 0x000001eb29ff9050, 0x000001eb2b14c070, 0x000001eb2b14d5b0,
0x000001eb2b14e050, 0x000001eb2b14c5c0, 0x000001eb2b14db00, 0x000001eb2b14f040,
0x000001eb2b14e5a0, 0x000001eb2b14f590, 0x000001eb2b14eaf0, 0x000001eb2b14cb10,
0x000001eb2bbe20a0, 0x000001eb2bbe35e0, 0x000001eb2bbe3090, 0x000001eb2bbe00c0,
0x000001eb2bbe3b30, 0x000001eb2bbe4080
}

Java Threads: ( => current thread )
  0x000001eb25630040 JavaThread "Reference Handler" daemon [_thread_blocked, id=10920, stack(0x000000d13af00000,0x000000d13b000000)]
  0x000001eb25630fd0 JavaThread "Finalizer" daemon [_thread_blocked, id=2144, stack(0x000000d13b000000,0x000000d13b100000)]
  0x000001eb25636190 JavaThread "Signal Dispatcher" daemon [_thread_blocked, id=11996, stack(0x000000d13b100000,0x000000d13b200000)]
  0x000001eb25638f30 JavaThread "Attach Listener" daemon [_thread_blocked, id=11508, stack(0x000000d13b200000,0x000000d13b300000)]
  0x000001eb2563a870 JavaThread "Service Thread" daemon [_thread_blocked, id=6872, stack(0x000000d13b300000,0x000000d13b400000)]
  0x000001eb2563b760 JavaThread "Monitor Deflation Thread" daemon [_thread_blocked, id=5848, stack(0x000000d13b400000,0x000000d13b500000)]
  0x000001eb2563f870 JavaThread "C1 CompilerThread0" daemon [_thread_blocked, id=9472, stack(0x000000d13b500000,0x000000d13b600000)]
  0x000001eb256404c0 JavaThread "Sweeper thread" daemon [_thread_blocked, id=1620, stack(0x000000d13b600000,0x000000d13b700000)]
  0x000001eb256041a0 JavaThread "Common-Cleaner" daemon [_thread_blocked, id=6984, stack(0x000000d13b700000,0x000000d13b800000)]
  0x000001eb29c70d80 JavaThread "Monitor Ctrl-Break" daemon [_thread_in_native, id=2820, stack(0x000000d13b900000,0x000000d13ba00000)]
  0x000001eb29c75850 JavaThread "Notification Thread" daemon [_thread_blocked, id=3604, stack(0x000000d13ba00000,0x000000d13bb00000)]
  0x000001eb29dc61a0 JavaThread "RMI TCP Accept-0" daemon [_thread_in_native, id=7144, stack(0x000000d13bd00000,0x000000d13be00000)]
  0x000001eb2a2ef710 JavaThread "RMI Scheduler(0)" daemon [_thread_blocked, id=7616, stack(0x000000d13c700000,0x000000d13c800000)]
  0x000001eb29ff9050 JavaThread "HikariPool-1 housekeeper" daemon [_thread_blocked, id=10884, stack(0x000000d13ca00000,0x000000d13cb00000)]
  0x000001eb2b14c070 JavaThread "Catalina-utility-1" [_thread_blocked, id=11272, stack(0x000000d13cc00000,0x000000d13cd00000)]
  0x000001eb2b14d5b0 JavaThread "Catalina-utility-2" [_thread_blocked, id=8028, stack(0x000000d13cd00000,0x000000d13ce00000)]
  0x000001eb2b14e050 JavaThread "container-0" [_thread_blocked, id=7572, stack(0x000000d13ce00000,0x000000d13cf00000)]
  0x000001eb2b14c5c0 JavaThread "http-nio-8080-exec-1" daemon [_thread_blocked, id=10356, stack(0x000000d13cf00000,0x000000d13d000000)]
  0x000001eb2b14db00 JavaThread "http-nio-8080-exec-2" daemon [_thread_blocked, id=9668, stack(0x000000d13d000000,0x000000d13d100000)]
  0x000001eb2b14f040 JavaThread "http-nio-8080-exec-3" daemon [_thread_blocked, id=5836, stack(0x000000d13d100000,0x000000d13d200000)]
  0x000001eb2b14e5a0 JavaThread "http-nio-8080-exec-4" daemon [_thread_blocked, id=6688, stack(0x000000d13d200000,0x000000d13d300000)]
  0x000001eb2b14f590 JavaThread "http-nio-8080-exec-5" daemon [_thread_blocked, id=7676, stack(0x000000d13d300000,0x000000d13d400000)]
  0x000001eb2b14eaf0 JavaThread "http-nio-8080-exec-6" daemon [_thread_blocked, id=8048, stack(0x000000d13d400000,0x000000d13d500000)]
  0x000001eb2b14cb10 JavaThread "http-nio-8080-exec-7" daemon [_thread_blocked, id=6168, stack(0x000000d13d500000,0x000000d13d600000)]
  0x000001eb2bbe20a0 JavaThread "http-nio-8080-exec-8" daemon [_thread_blocked, id=6376, stack(0x000000d13d600000,0x000000d13d700000)]
  0x000001eb2bbe35e0 JavaThread "http-nio-8080-exec-9" daemon [_thread_blocked, id=8900, stack(0x000000d13d700000,0x000000d13d800000)]
  0x000001eb2bbe3090 JavaThread "http-nio-8080-exec-10" daemon [_thread_blocked, id=1676, stack(0x000000d13d800000,0x000000d13d900000)]
  0x000001eb2bbe00c0 JavaThread "http-nio-8080-Poller" daemon [_thread_in_native, id=12520, stack(0x000000d13d900000,0x000000d13da00000)]
  0x000001eb2bbe3b30 JavaThread "http-nio-8080-Acceptor" daemon [_thread_in_native, id=11788, stack(0x000000d13da00000,0x000000d13db00000)]
  0x000001eb2bbe4080 JavaThread "DestroyJavaVM" [_thread_blocked, id=12488, stack(0x000000d13a800000,0x000000d13a900000)]

Other Threads:
=>0x000001eb25615aa0 VMThread "VM Thread" [stack: 0x000000d13ae00000,0x000000d13af00000] [id=11220]
  0x000001eb29db8dc0 WatcherThread "VM Periodic Task Thread" [stack: 0x000000d13be00000,0x000000d13bf00000] [id=11800]
  0x000001eb13159890 WorkerThread "GC Thread#0" [stack: 0x000000d13a900000,0x000000d13aa00000] [id=10856]
  0x000001eb2a1f9c50 WorkerThread "GC Thread#1" [stack: 0x000000d13bf00000,0x000000d13c000000] [id=7584]
  0x000001eb2a1fc1d0 WorkerThread "GC Thread#2" [stack: 0x000000d13c000000,0x000000d13c100000] [id=9980]
  0x000001eb2a242850 WorkerThread "GC Thread#3" [stack: 0x000000d13c100000,0x000000d13c200000] [id=2064]
  0x000001eb2a242b20 WorkerThread "GC Thread#4" [stack: 0x000000d13c200000,0x000000d13c300000] [id=2756]
  0x000001eb2a243f20 WorkerThread "GC Thread#5" [stack: 0x000000d13c300000,0x000000d13c400000] [id=2212]
  0x000001eb2a243980 WorkerThread "GC Thread#6" [stack: 0x000000d13c400000,0x000000d13c500000] [id=10940]
  0x000001eb2a2441f0 WorkerThread "GC Thread#7" [stack: 0x000000d13c500000,0x000000d13c600000] [id=8464]
  0x000001eb1316b520 ConcurrentGCThread "G1 Main Marker" [stack: 0x000000d13aa00000,0x000000d13ab00000] [id=6616]
  0x000001eb1316c6f0 WorkerThread "G1 Conc#0" [stack: 0x000000d13ab00000,0x000000d13ac00000] [id=8004]
  0x000001eb2a2444c0 WorkerThread "G1 Conc#1" [stack: 0x000000d13c800000,0x000000d13c900000] [id=2632]
  0x000001eb254cf530 ConcurrentGCThread "G1 Refine#0" [stack: 0x000000d13ac00000,0x000000d13ad00000] [id=1060]
  0x000001eb254cff10 ConcurrentGCThread "G1 Service" [stack: 0x000000d13ad00000,0x000000d13ae00000] [id=11084]

Threads with active compile tasks:

VM state: at safepoint (normal execution)

VM Mutex/Monitor currently owned by a thread:  ([mutex/lock_event])
[0x000001eb130f7510] Threads_lock - owner thread: 0x000001eb25615aa0
[0x000001eb130f7ab0] Heap_lock - owner thread: 0x000001eb2b14f040

Heap address: 0x0000000082400000, size: 2012 MB, Compressed Oops mode: 32-bit

CDS archive(s) mapped at: [0x0000000800000000-0x0000000800c40000-0x0000000800c40000), size 12845056, SharedBaseAddress: 0x0000000800000000, ArchiveRelocationMode: 0.
Compressed class space mapped at: 0x0000000801000000-0x0000000841000000, reserved size: 1073741824
Narrow klass base: 0x0000000800000000, Narrow klass shift: 0, Narrow klass range: 0x100000000

GC Precious Log:
 CardTable entry size: 512
 Card Set container configuration: InlinePtr #cards 5 size 8 Array Of Cards #cards 12 size 40 Howl #buckets 4 coarsen threshold 1843 Howl Bitmap #cards 512 size 80 coarsen threshold 460 Card regions per heap region 1 cards per card region 2048
 CPUs: 8 total, 8 available
 Memory: 8047M
 Large Page Support: Disabled
 NUMA Support: Disabled
 Compressed Oops: Enabled (32-bit)
 Heap Region Size: 1M
 Heap Min Capacity: 8M
 Heap Initial Capacity: 126M
 Heap Max Capacity: 2012M
 Pre-touch: Disabled
 Parallel Workers: 8
 Concurrent Workers: 2
 Concurrent Refinement Workers: 8
 Periodic GC: Disabled

Heap:
 garbage-first heap   total 129024K, used 27929K [0x0000000082400000, 0x0000000100000000)
  region size 1024K, 5 young (5120K), 5 survivors (5120K)
 Metaspace       used 56813K, committed 57600K, reserved 1114112K
  class space    used 7624K, committed 8000K, reserved 1048576K

Heap Regions: E=young(eden), S=young(survivor), O=old, HS=humongous(starts), HC=humongous(continues), CS=collection set, F=free, OA=open archive, CA=closed archive, TAMS=top-at-mark-start (previous, next)
|   0|0x0000000082400000, 0x0000000082500000, 0x0000000082500000|100%|HS|  |TAMS 0x0000000082500000, 0x0000000082400000| Complete 
|   1|0x0000000082500000, 0x0000000082600000, 0x0000000082600000|100%| O|  |TAMS 0x0000000082600000, 0x0000000082500000| Untracked 
|   2|0x0000000082600000, 0x0000000082700000, 0x0000000082700000|100%| O|  |TAMS 0x0000000082700000, 0x0000000082600000| Untracked 
|   3|0x0000000082700000, 0x0000000082800000, 0x0000000082800000|100%| O|  |TAMS 0x0000000082800000, 0x0000000082700000| Untracked 
|   4|0x0000000082800000, 0x0000000082900000, 0x0000000082900000|100%| O|  |TAMS 0x0000000082900000, 0x0000000082800000| Untracked 
|   5|0x0000000082900000, 0x0000000082a00000, 0x0000000082a00000|100%| O|  |TAMS 0x0000000082a00000, 0x0000000082900000| Untracked 
|   6|0x0000000082a00000, 0x0000000082b00000, 0x0000000082b00000|100%| O|  |TAMS 0x0000000082b00000, 0x0000000082a00000| Untracked 
|   7|0x0000000082b00000, 0x0000000082c00000, 0x0000000082c00000|100%| O|  |TAMS 0x0000000082b00000, 0x0000000082b00000| Untracked 
|   8|0x0000000082c00000, 0x0000000082d00000, 0x0000000082d00000|100%| O|  |TAMS 0x0000000082d00000, 0x0000000082c00000| Untracked 
|   9|0x0000000082d00000, 0x0000000082e00000, 0x0000000082e00000|100%| O|  |TAMS 0x0000000082e00000, 0x0000000082d00000| Untracked 
|  10|0x0000000082e00000, 0x0000000082f00000, 0x0000000082f00000|100%| O|  |TAMS 0x0000000082f00000, 0x0000000082e00000| Untracked 
|  11|0x0000000082f00000, 0x0000000083000000, 0x0000000083000000|100%| O|  |TAMS 0x0000000083000000, 0x0000000082f00000| Untracked 
|  12|0x0000000083000000, 0x0000000083100000, 0x0000000083100000|100%| O|  |TAMS 0x0000000083100000, 0x0000000083000000| Untracked 
|  13|0x0000000083100000, 0x0000000083200000, 0x0000000083200000|100%| O|  |TAMS 0x0000000083200000, 0x0000000083100000| Untracked 
|  14|0x0000000083200000, 0x0000000083300000, 0x0000000083300000|100%| O|  |TAMS 0x0000000083300000, 0x0000000083200000| Untracked 
|  15|0x0000000083300000, 0x0000000083400000, 0x0000000083400000|100%| O|  |TAMS 0x0000000083400000, 0x0000000083300000| Untracked 
|  16|0x0000000083400000, 0x0000000083500000, 0x0000000083500000|100%| O|  |TAMS 0x0000000083500000, 0x0000000083400000| Untracked 
|  17|0x0000000083500000, 0x0000000083600000, 0x0000000083600000|100%| O|  |TAMS 0x0000000083500000, 0x0000000083500000| Untracked 
|  18|0x0000000083600000, 0x0000000083700000, 0x0000000083700000|100%| O|  |TAMS 0x0000000083600000, 0x0000000083600000| Untracked 
|  19|0x0000000083700000, 0x0000000083800000, 0x0000000083800000|100%| O|  |TAMS 0x0000000083700000, 0x0000000083700000| Untracked 
|  20|0x0000000083800000, 0x0000000083900000, 0x0000000083900000|100%| O|  |TAMS 0x0000000083800000, 0x0000000083800000| Untracked 
|  21|0x0000000083900000, 0x0000000083a00000, 0x0000000083a00000|100%| O|  |TAMS 0x0000000083900000, 0x0000000083900000| Untracked 
|  22|0x0000000083a00000, 0x0000000083aff200, 0x0000000083b00000| 99%| O|  |TAMS 0x0000000083a00000, 0x0000000083a00000| Untracked 
|  23|0x0000000083b00000, 0x0000000083b00000, 0x0000000083c00000|  0%| F|  |TAMS 0x0000000083b00000, 0x0000000083b00000| Untracked 
|  24|0x0000000083c00000, 0x0000000083c00000, 0x0000000083d00000|  0%| F|  |TAMS 0x0000000083c00000, 0x0000000083c00000| Untracked 
|  25|0x0000000083d00000, 0x0000000083d00000, 0x0000000083e00000|  0%| F|  |TAMS 0x0000000083d00000, 0x0000000083d00000| Untracked 
|  26|0x0000000083e00000, 0x0000000083e00000, 0x0000000083f00000|  0%| F|  |TAMS 0x0000000083e00000, 0x0000000083e00000| Untracked 
|  27|0x0000000083f00000, 0x0000000083f00000, 0x0000000084000000|  0%| F|  |TAMS 0x0000000083f00000, 0x0000000083f00000| Untracked 
|  28|0x0000000084000000, 0x0000000084000000, 0x0000000084100000|  0%| F|  |TAMS 0x0000000084000000, 0x0000000084000000| Untracked 
|  29|0x0000000084100000, 0x0000000084100000, 0x0000000084200000|  0%| F|  |TAMS 0x0000000084100000, 0x0000000084100000| Untracked 
|  30|0x0000000084200000, 0x0000000084200000, 0x0000000084300000|  0%| F|  |TAMS 0x0000000084200000, 0x0000000084200000| Untracked 
|  31|0x0000000084300000, 0x0000000084300000, 0x0000000084400000|  0%| F|  |TAMS 0x0000000084300000, 0x0000000084300000| Untracked 
|  32|0x0000000084400000, 0x0000000084400000, 0x0000000084500000|  0%| F|  |TAMS 0x0000000084400000, 0x0000000084400000| Untracked 
|  33|0x0000000084500000, 0x0000000084500000, 0x0000000084600000|  0%| F|  |TAMS 0x0000000084500000, 0x0000000084500000| Untracked 
|  34|0x0000000084600000, 0x00000000846473a0, 0x0000000084700000| 27%| S|CS|TAMS 0x0000000084600000, 0x0000000084600000| Complete 
|  35|0x0000000084700000, 0x0000000084800000, 0x0000000084800000|100%| S|CS|TAMS 0x0000000084700000, 0x0000000084700000| Complete 
|  36|0x0000000084800000, 0x0000000084900000, 0x0000000084900000|100%| S|CS|TAMS 0x0000000084800000, 0x0000000084800000| Complete 
|  37|0x0000000084900000, 0x0000000084900000, 0x0000000084a00000|  0%| F|  |TAMS 0x0000000084900000, 0x0000000084900000| Untracked 
|  38|0x0000000084a00000, 0x0000000084a00000, 0x0000000084b00000|  0%| F|  |TAMS 0x0000000084a00000, 0x0000000084a00000| Untracked 
|  39|0x0000000084b00000, 0x0000000084c00000, 0x0000000084c00000|100%| S|CS|TAMS 0x0000000084b00000, 0x0000000084b00000| Complete 
|  40|0x0000000084c00000, 0x0000000084d00000, 0x0000000084d00000|100%| S|CS|TAMS 0x0000000084c00000, 0x0000000084c00000| Complete 
|  41|0x0000000084d00000, 0x0000000084d00000, 0x0000000084e00000|  0%| F|  |TAMS 0x0000000084d00000, 0x0000000084d00000| Untracked 
|  42|0x0000000084e00000, 0x0000000084e00000, 0x0000000084f00000|  0%| F|  |TAMS 0x0000000084e00000, 0x0000000084e00000| Untracked 
|  43|0x0000000084f00000, 0x0000000084f00000, 0x0000000085000000|  0%| F|  |TAMS 0x0000000084f00000, 0x0000000084f00000| Untracked 
|  44|0x0000000085000000, 0x0000000085000000, 0x0000000085100000|  0%| F|  |TAMS 0x0000000085000000, 0x0000000085000000| Untracked 
|  45|0x0000000085100000, 0x0000000085100000, 0x0000000085200000|  0%| F|  |TAMS 0x0000000085100000, 0x0000000085100000| Untracked 
|  46|0x0000000085200000, 0x0000000085200000, 0x0000000085300000|  0%| F|  |TAMS 0x0000000085200000, 0x0000000085200000| Untracked 
|  47|0x0000000085300000, 0x0000000085300000, 0x0000000085400000|  0%| F|  |TAMS 0x0000000085300000, 0x0000000085300000| Untracked 
|  48|0x0000000085400000, 0x0000000085400000, 0x0000000085500000|  0%| F|  |TAMS 0x0000000085400000, 0x0000000085400000| Untracked 
|  49|0x0000000085500000, 0x0000000085500000, 0x0000000085600000|  0%| F|  |TAMS 0x0000000085500000, 0x0000000085500000| Untracked 
|  50|0x0000000085600000, 0x0000000085600000, 0x0000000085700000|  0%| F|  |TAMS 0x0000000085600000, 0x0000000085600000| Untracked 
|  51|0x0000000085700000, 0x0000000085700000, 0x0000000085800000|  0%| F|  |TAMS 0x0000000085700000, 0x0000000085700000| Untracked 
|  52|0x0000000085800000, 0x0000000085800000, 0x0000000085900000|  0%| F|  |TAMS 0x0000000085800000, 0x0000000085800000| Untracked 
|  53|0x0000000085900000, 0x0000000085900000, 0x0000000085a00000|  0%| F|  |TAMS 0x0000000085900000, 0x0000000085900000| Untracked 
|  54|0x0000000085a00000, 0x0000000085a00000, 0x0000000085b00000|  0%| F|  |TAMS 0x0000000085a00000, 0x0000000085a00000| Untracked 
|  55|0x0000000085b00000, 0x0000000085b00000, 0x0000000085c00000|  0%| F|  |TAMS 0x0000000085b00000, 0x0000000085b00000| Untracked 
|  56|0x0000000085c00000, 0x0000000085c00000, 0x0000000085d00000|  0%| F|  |TAMS 0x0000000085c00000, 0x0000000085c00000| Untracked 
|  57|0x0000000085d00000, 0x0000000085d00000, 0x0000000085e00000|  0%| F|  |TAMS 0x0000000085d00000, 0x0000000085d00000| Untracked 
|  58|0x0000000085e00000, 0x0000000085e00000, 0x0000000085f00000|  0%| F|  |TAMS 0x0000000085e00000, 0x0000000085e00000| Untracked 
|  59|0x0000000085f00000, 0x0000000085f00000, 0x0000000086000000|  0%| F|  |TAMS 0x0000000085f00000, 0x0000000085f00000| Untracked 
|  60|0x0000000086000000, 0x0000000086000000, 0x0000000086100000|  0%| F|  |TAMS 0x0000000086000000, 0x0000000086000000| Untracked 
|  61|0x0000000086100000, 0x0000000086100000, 0x0000000086200000|  0%| F|  |TAMS 0x0000000086100000, 0x0000000086100000| Untracked 
|  62|0x0000000086200000, 0x0000000086200000, 0x0000000086300000|  0%| F|  |TAMS 0x0000000086200000, 0x0000000086200000| Untracked 
|  63|0x0000000086300000, 0x0000000086300000, 0x0000000086400000|  0%| F|  |TAMS 0x0000000086300000, 0x0000000086300000| Untracked 
|  64|0x0000000086400000, 0x0000000086400000, 0x0000000086500000|  0%| F|  |TAMS 0x0000000086400000, 0x0000000086400000| Untracked 
|  65|0x0000000086500000, 0x0000000086500000, 0x0000000086600000|  0%| F|  |TAMS 0x0000000086500000, 0x0000000086500000| Untracked 
|  66|0x0000000086600000, 0x0000000086600000, 0x0000000086700000|  0%| F|  |TAMS 0x0000000086600000, 0x0000000086600000| Untracked 
|  67|0x0000000086700000, 0x0000000086700000, 0x0000000086800000|  0%| F|  |TAMS 0x0000000086700000, 0x0000000086700000| Untracked 
|  68|0x0000000086800000, 0x0000000086800000, 0x0000000086900000|  0%| F|  |TAMS 0x0000000086800000, 0x0000000086800000| Untracked 
|  69|0x0000000086900000, 0x0000000086900000, 0x0000000086a00000|  0%| F|  |TAMS 0x0000000086900000, 0x0000000086900000| Untracked 
|  70|0x0000000086a00000, 0x0000000086a00000, 0x0000000086b00000|  0%| F|  |TAMS 0x0000000086a00000, 0x0000000086a00000| Untracked 
|  71|0x0000000086b00000, 0x0000000086b00000, 0x0000000086c00000|  0%| F|  |TAMS 0x0000000086b00000, 0x0000000086b00000| Untracked 
|  72|0x0000000086c00000, 0x0000000086c00000, 0x0000000086d00000|  0%| F|  |TAMS 0x0000000086c00000, 0x0000000086c00000| Untracked 
|  73|0x0000000086d00000, 0x0000000086d00000, 0x0000000086e00000|  0%| F|  |TAMS 0x0000000086d00000, 0x0000000086d00000| Untracked 
|  74|0x0000000086e00000, 0x0000000086e00000, 0x0000000086f00000|  0%| F|  |TAMS 0x0000000086e00000, 0x0000000086e00000| Untracked 
|  75|0x0000000086f00000, 0x0000000086f00000, 0x0000000087000000|  0%| F|  |TAMS 0x0000000086f00000, 0x0000000086f00000| Untracked 
|  76|0x0000000087000000, 0x0000000087000000, 0x0000000087100000|  0%| F|  |TAMS 0x0000000087000000, 0x0000000087000000| Untracked 
|  77|0x0000000087100000, 0x0000000087100000, 0x0000000087200000|  0%| F|  |TAMS 0x0000000087100000, 0x0000000087100000| Untracked 
|  78|0x0000000087200000, 0x0000000087200000, 0x0000000087300000|  0%| F|  |TAMS 0x0000000087200000, 0x0000000087200000| Untracked 
|  79|0x0000000087300000, 0x0000000087300000, 0x0000000087400000|  0%| F|  |TAMS 0x0000000087300000, 0x0000000087300000| Untracked 
|  80|0x0000000087400000, 0x0000000087400000, 0x0000000087500000|  0%| F|  |TAMS 0x0000000087400000, 0x0000000087400000| Untracked 
|  81|0x0000000087500000, 0x0000000087500000, 0x0000000087600000|  0%| F|  |TAMS 0x0000000087500000, 0x0000000087500000| Untracked 
|  82|0x0000000087600000, 0x0000000087600000, 0x0000000087700000|  0%| F|  |TAMS 0x0000000087600000, 0x0000000087600000| Untracked 
|  83|0x0000000087700000, 0x0000000087700000, 0x0000000087800000|  0%| F|  |TAMS 0x0000000087700000, 0x0000000087700000| Untracked 
|  84|0x0000000087800000, 0x0000000087800000, 0x0000000087900000|  0%| F|  |TAMS 0x0000000087800000, 0x0000000087800000| Untracked 
|  85|0x0000000087900000, 0x0000000087900000, 0x0000000087a00000|  0%| F|  |TAMS 0x0000000087900000, 0x0000000087900000| Untracked 
|  86|0x0000000087a00000, 0x0000000087a00000, 0x0000000087b00000|  0%| F|  |TAMS 0x0000000087a00000, 0x0000000087a00000| Untracked 
|  87|0x0000000087b00000, 0x0000000087b00000, 0x0000000087c00000|  0%| F|  |TAMS 0x0000000087b00000, 0x0000000087b00000| Untracked 
|  88|0x0000000087c00000, 0x0000000087c00000, 0x0000000087d00000|  0%| F|  |TAMS 0x0000000087c00000, 0x0000000087c00000| Untracked 
|  89|0x0000000087d00000, 0x0000000087d00000, 0x0000000087e00000|  0%| F|  |TAMS 0x0000000087d00000, 0x0000000087d00000| Untracked 
|  90|0x0000000087e00000, 0x0000000087e00000, 0x0000000087f00000|  0%| F|  |TAMS 0x0000000087e00000, 0x0000000087e00000| Untracked 
|  91|0x0000000087f00000, 0x0000000087f00000, 0x0000000088000000|  0%| F|  |TAMS 0x0000000087f00000, 0x0000000087f00000| Untracked 
|  92|0x0000000088000000, 0x0000000088000000, 0x0000000088100000|  0%| F|  |TAMS 0x0000000088000000, 0x0000000088000000| Untracked 
|  93|0x0000000088100000, 0x0000000088100000, 0x0000000088200000|  0%| F|  |TAMS 0x0000000088100000, 0x0000000088100000| Untracked 
|  94|0x0000000088200000, 0x0000000088200000, 0x0000000088300000|  0%| F|  |TAMS 0x0000000088200000, 0x0000000088200000| Untracked 
|  95|0x0000000088300000, 0x0000000088300000, 0x0000000088400000|  0%| F|  |TAMS 0x0000000088300000, 0x0000000088300000| Untracked 
|  96|0x0000000088400000, 0x0000000088400000, 0x0000000088500000|  0%| F|  |TAMS 0x0000000088400000, 0x0000000088400000| Untracked 
|  97|0x0000000088500000, 0x0000000088500000, 0x0000000088600000|  0%| F|  |TAMS 0x0000000088500000, 0x0000000088500000| Untracked 
|  98|0x0000000088600000, 0x0000000088600000, 0x0000000088700000|  0%| F|  |TAMS 0x0000000088600000, 0x0000000088600000| Untracked 
|  99|0x0000000088700000, 0x0000000088700000, 0x0000000088800000|  0%| F|  |TAMS 0x0000000088700000, 0x0000000088700000| Untracked 
| 100|0x0000000088800000, 0x0000000088800000, 0x0000000088900000|  0%| F|  |TAMS 0x0000000088800000, 0x0000000088800000| Untracked 
| 101|0x0000000088900000, 0x0000000088900000, 0x0000000088a00000|  0%| F|  |TAMS 0x0000000088900000, 0x0000000088900000| Untracked 
| 102|0x0000000088a00000, 0x0000000088a00000, 0x0000000088b00000|  0%| F|  |TAMS 0x0000000088a00000, 0x0000000088a00000| Untracked 
| 103|0x0000000088b00000, 0x0000000088b00000, 0x0000000088c00000|  0%| F|  |TAMS 0x0000000088b00000, 0x0000000088b00000| Untracked 
| 104|0x0000000088c00000, 0x0000000088c00000, 0x0000000088d00000|  0%| F|  |TAMS 0x0000000088c00000, 0x0000000088c00000| Untracked 
| 105|0x0000000088d00000, 0x0000000088d00000, 0x0000000088e00000|  0%| F|  |TAMS 0x0000000088d00000, 0x0000000088d00000| Untracked 
| 106|0x0000000088e00000, 0x0000000088e00000, 0x0000000088f00000|  0%| F|  |TAMS 0x0000000088e00000, 0x0000000088e00000| Untracked 
| 107|0x0000000088f00000, 0x0000000088f00000, 0x0000000089000000|  0%| F|  |TAMS 0x0000000088f00000, 0x0000000088f00000| Untracked 
| 108|0x0000000089000000, 0x0000000089000000, 0x0000000089100000|  0%| F|  |TAMS 0x0000000089000000, 0x0000000089000000| Untracked 
| 109|0x0000000089100000, 0x0000000089100000, 0x0000000089200000|  0%| F|  |TAMS 0x0000000089100000, 0x0000000089100000| Untracked 
| 110|0x0000000089200000, 0x0000000089200000, 0x0000000089300000|  0%| F|  |TAMS 0x0000000089200000, 0x0000000089200000| Untracked 
| 111|0x0000000089300000, 0x0000000089300000, 0x0000000089400000|  0%| F|  |TAMS 0x0000000089300000, 0x0000000089300000| Untracked 
| 112|0x0000000089400000, 0x0000000089400000, 0x0000000089500000|  0%| F|  |TAMS 0x0000000089400000, 0x0000000089400000| Untracked 
| 113|0x0000000089500000, 0x0000000089500000, 0x0000000089600000|  0%| F|  |TAMS 0x0000000089500000, 0x0000000089500000| Untracked 
| 114|0x0000000089600000, 0x0000000089600000, 0x0000000089700000|  0%| F|  |TAMS 0x0000000089600000, 0x0000000089600000| Untracked 
| 115|0x0000000089700000, 0x0000000089700000, 0x0000000089800000|  0%| F|  |TAMS 0x0000000089700000, 0x0000000089700000| Untracked 
| 116|0x0000000089800000, 0x0000000089800000, 0x0000000089900000|  0%| F|  |TAMS 0x0000000089800000, 0x0000000089800000| Untracked 
| 117|0x0000000089900000, 0x0000000089900000, 0x0000000089a00000|  0%| F|  |TAMS 0x0000000089900000, 0x0000000089900000| Untracked 
| 118|0x0000000089a00000, 0x0000000089a00000, 0x0000000089b00000|  0%| F|  |TAMS 0x0000000089a00000, 0x0000000089a00000| Untracked 
| 119|0x0000000089b00000, 0x0000000089b00000, 0x0000000089c00000|  0%| F|  |TAMS 0x0000000089b00000, 0x0000000089b00000| Untracked 
| 120|0x0000000089c00000, 0x0000000089c00000, 0x0000000089d00000|  0%| F|  |TAMS 0x0000000089c00000, 0x0000000089c00000| Untracked 
| 121|0x0000000089d00000, 0x0000000089d00000, 0x0000000089e00000|  0%| F|  |TAMS 0x0000000089d00000, 0x0000000089d00000| Untracked 
| 122|0x0000000089e00000, 0x0000000089e00000, 0x0000000089f00000|  0%| F|  |TAMS 0x0000000089e00000, 0x0000000089e00000| Untracked 
| 123|0x0000000089f00000, 0x0000000089f00000, 0x000000008a000000|  0%| F|  |TAMS 0x0000000089f00000, 0x0000000089f00000| Untracked 
| 124|0x000000008a000000, 0x000000008a000000, 0x000000008a100000|  0%| F|  |TAMS 0x000000008a000000, 0x000000008a000000| Untracked 
| 125|0x000000008a100000, 0x000000008a100000, 0x000000008a200000|  0%| F|  |TAMS 0x000000008a100000, 0x000000008a100000| Untracked 

Card table byte_map: [0x000001eb1e550000,0x000001eb1e940000] _byte_map_base: 0x000001eb1e13e000

Marking Bits (Prev, Next): (CMBitMap*) 0x000001eb13159ec0, (CMBitMap*) 0x000001eb13159f00
 Prev Bits: [0x000001eb1ed30000, 0x000001eb20ca0000)
 Next Bits: [0x000001eb20ca0000, 0x000001eb22c10000)

Polling page: 0x000001eb11090000

Metaspace:

Usage:
  Non-class:     48.04 MB used.
      Class:      7.45 MB used.
       Both:     55.48 MB used.

Virtual space:
  Non-class space:       64.00 MB reserved,      48.44 MB ( 76%) committed,  1 nodes.
      Class space:        1.00 GB reserved,       7.81 MB ( <1%) committed,  1 nodes.
             Both:        1.06 GB reserved,      56.25 MB (  5%) committed. 

Chunk freelists:
   Non-Class:  2.91 MB
       Class:  176.00 KB
        Both:  3.08 MB

MaxMetaspaceSize: unlimited
CompressedClassSpaceSize: 1.00 GB
Initial GC threshold: 21.00 MB
Current GC threshold: 58.69 MB
CDS: on
MetaspaceReclaimPolicy: balanced
 - commit_granule_bytes: 65536.
 - commit_granule_words: 8192.
 - virtual_space_node_default_size: 8388608.
 - enlarge_chunks_in_place: 1.
 - new_chunks_are_fully_committed: 0.
 - uncommit_free_chunks: 1.
 - use_allocation_guard: 0.


Internal statistics:

num_allocs_failed_limit: 6.
num_arena_births: 1058.
num_arena_deaths: 0.
num_vsnodes_births: 2.
num_vsnodes_deaths: 0.
num_space_committed: 900.
num_space_uncommitted: 0.
num_chunks_returned_to_freelist: 6.
num_chunks_taken_from_freelist: 3013.
num_chunk_merges: 6.
num_chunk_splits: 2208.
num_chunks_enlarged: 1774.
num_inconsistent_stats: 0.

CodeCache: size=49152Kb used=10863Kb max_used=12311Kb free=38288Kb
 bounds [0x000001eb1b050000, 0x000001eb1bc60000, 0x000001eb1e050000]
 total_blobs=6840 nmethods=6170 adapters=595
 compilation: enabled
              stopped_count=0, restarted_count=0
 full_count=0

Compilation events (20 events):
Event: 253.108 Thread 0x000001eb2563f870 6161       1       org.apache.catalina.security.SecurityUtil::isPackageProtectionEnabled (16 bytes)
Event: 253.108 Thread 0x000001eb2563f870 nmethod 6161 0x000001eb1b1e0a10 code [0x000001eb1b1e0ba0, 0x000001eb1b1e0c58]
Event: 253.120 Thread 0x000001eb2563f870 6162       1       java.lang.invoke.MethodHandle::spreadArrayChecks (90 bytes)
Event: 253.122 Thread 0x000001eb2563f870 nmethod 6162 0x000001eb1b1df690 code [0x000001eb1b1df980, 0x000001eb1b1e0458]
Event: 253.124 Thread 0x000001eb2563f870 6163       1       java.security.DrbgParameters$Instantiation::getCapability (5 bytes)
Event: 253.124 Thread 0x000001eb2563f870 nmethod 6163 0x000001eb1b1df090 code [0x000001eb1b1df220, 0x000001eb1b1df2d8]
Event: 253.124 Thread 0x000001eb2563f870 6164       1       java.security.MessageDigestSpi::<init> (5 bytes)
Event: 253.124 Thread 0x000001eb2563f870 nmethod 6164 0x000001eb1b1ded90 code [0x000001eb1b1def20, 0x000001eb1b1defd8]
Event: 253.125 Thread 0x000001eb2563f870 6165       1       org.springframework.security.crypto.bcrypt.BCrypt::streamtowords (111 bytes)
Event: 253.125 Thread 0x000001eb2563f870 nmethod 6165 0x000001eb1b1de710 code [0x000001eb1b1de8c0, 0x000001eb1b1deb78]
Event: 253.125 Thread 0x000001eb2563f870 6166       1       org.springframework.security.crypto.bcrypt.BCrypt::streamtoword (17 bytes)
Event: 253.125 Thread 0x000001eb2563f870 nmethod 6166 0x000001eb1b1de290 code [0x000001eb1b1de440, 0x000001eb1b1de5c8]
Event: 253.125 Thread 0x000001eb2563f870 6167       1       org.springframework.security.crypto.bcrypt.BCrypt::encipher (253 bytes)
Event: 253.126 Thread 0x000001eb2563f870 nmethod 6167 0x000001eb1b1dda90 code [0x000001eb1b1ddc40, 0x000001eb1b1ddff8]
Event: 253.138 Thread 0x000001eb2563f870 6168       1       org.springframework.security.crypto.bcrypt.BCrypt::key (196 bytes)
Event: 253.139 Thread 0x000001eb2563f870 nmethod 6168 0x000001eb1b1dcc90 code [0x000001eb1b1dcea0, 0x000001eb1b1dd598]
Event: 253.311 Thread 0x000001eb2563f870 6169       1       org.springframework.core.convert.support.GenericConversionService::addConverter (84 bytes)
Event: 253.312 Thread 0x000001eb2563f870 nmethod 6169 0x000001eb1b1dc390 code [0x000001eb1b1dc5a0, 0x000001eb1b1dc9d8]
Event: 253.341 Thread 0x000001eb2563f870 6170       1       java.lang.invoke.LambdaFormEditor::getInCache (165 bytes)
Event: 253.342 Thread 0x000001eb2563f870 nmethod 6170 0x000001eb1b1db990 code [0x000001eb1b1dbb80, 0x000001eb1b1dc0a8]

GC Heap History (20 events):
Event: 5.562 GC heap after
{Heap after GC invocations=3 (full 0):
 garbage-first heap   total 129024K, used 14188K [0x0000000082400000, 0x0000000100000000)
  region size 1024K, 7 young (7168K), 7 survivors (7168K)
 Metaspace       used 21094K, committed 21504K, reserved 1114112K
  class space    used 2735K, committed 2944K, reserved 1048576K
}
Event: 6.416 GC heap before
{Heap before GC invocations=4 (full 0):
 garbage-first heap   total 55296K, used 39788K [0x0000000082400000, 0x0000000100000000)
  region size 1024K, 32 young (32768K), 7 survivors (7168K)
 Metaspace       used 25301K, committed 25728K, reserved 1114112K
  class space    used 3331K, committed 3520K, reserved 1048576K
}
Event: 6.443 GC heap after
{Heap after GC invocations=5 (full 0):
 garbage-first heap   total 55296K, used 17365K [0x0000000082400000, 0x0000000100000000)
  region size 1024K, 4 young (4096K), 4 survivors (4096K)
 Metaspace       used 25301K, committed 25728K, reserved 1114112K
  class space    used 3331K, committed 3520K, reserved 1048576K
}
Event: 6.459 GC heap before
{Heap before GC invocations=5 (full 0):
 garbage-first heap   total 55296K, used 18389K [0x0000000082400000, 0x0000000100000000)
  region size 1024K, 5 young (5120K), 4 survivors (4096K)
 Metaspace       used 25326K, committed 25856K, reserved 1114112K
  class space    used 3333K, committed 3584K, reserved 1048576K
}
Event: 6.470 GC heap after
{Heap after GC invocations=6 (full 0):
 garbage-first heap   total 55296K, used 17989K [0x0000000082400000, 0x0000000100000000)
  region size 1024K, 1 young (1024K), 1 survivors (1024K)
 Metaspace       used 25326K, committed 25856K, reserved 1114112K
  class space    used 3333K, committed 3584K, reserved 1048576K
}
Event: 7.031 GC heap before
{Heap before GC invocations=6 (full 0):
 garbage-first heap   total 55296K, used 36421K [0x0000000082400000, 0x0000000100000000)
  region size 1024K, 20 young (20480K), 1 survivors (1024K)
 Metaspace       used 29201K, committed 29760K, reserved 1114112K
  class space    used 3881K, committed 4160K, reserved 1048576K
}
Event: 7.039 GC heap after
{Heap after GC invocations=7 (full 0):
 garbage-first heap   total 55296K, used 18479K [0x0000000082400000, 0x0000000100000000)
  region size 1024K, 2 young (2048K), 2 survivors (2048K)
 Metaspace       used 29201K, committed 29760K, reserved 1114112K
  class space    used 3881K, committed 4160K, reserved 1048576K
}
Event: 7.790 GC heap before
{Heap before GC invocations=7 (full 0):
 garbage-first heap   total 55296K, used 38959K [0x0000000082400000, 0x0000000100000000)
  region size 1024K, 22 young (22528K), 2 survivors (2048K)
 Metaspace       used 35181K, committed 35776K, reserved 1114112K
  class space    used 4629K, committed 4928K, reserved 1048576K
}
Event: 7.801 GC heap after
{Heap after GC invocations=8 (full 0):
 garbage-first heap   total 110592K, used 19872K [0x0000000082400000, 0x0000000100000000)
  region size 1024K, 3 young (3072K), 3 survivors (3072K)
 Metaspace       used 35181K, committed 35776K, reserved 1114112K
  class space    used 4629K, committed 4928K, reserved 1048576K
}
Event: 7.854 GC heap before
{Heap before GC invocations=8 (full 0):
 garbage-first heap   total 110592K, used 20896K [0x0000000082400000, 0x0000000100000000)
  region size 1024K, 5 young (5120K), 3 survivors (3072K)
 Metaspace       used 35433K, committed 35968K, reserved 1114112K
  class space    used 4662K, committed 4928K, reserved 1048576K
}
Event: 7.865 GC heap after
{Heap after GC invocations=9 (full 0):
 garbage-first heap   total 110592K, used 20182K [0x0000000082400000, 0x0000000100000000)
  region size 1024K, 3 young (3072K), 3 survivors (3072K)
 Metaspace       used 35433K, committed 35968K, reserved 1114112K
  class space    used 4662K, committed 4928K, reserved 1048576K
}
Event: 9.241 GC heap before
{Heap before GC invocations=10 (full 0):
 garbage-first heap   total 71680K, used 59094K [0x0000000082400000, 0x0000000100000000)
  region size 1024K, 42 young (43008K), 3 survivors (3072K)
 Metaspace       used 43874K, committed 44544K, reserved 1114112K
  class space    used 5910K, committed 6208K, reserved 1048576K
}
Event: 9.261 GC heap after
{Heap after GC invocations=11 (full 0):
 garbage-first heap   total 71680K, used 22394K [0x0000000082400000, 0x0000000100000000)
  region size 1024K, 5 young (5120K), 5 survivors (5120K)
 Metaspace       used 43874K, committed 44544K, reserved 1114112K
  class space    used 5910K, committed 6208K, reserved 1048576K
}
Event: 9.278 GC heap before
{Heap before GC invocations=11 (full 0):
 garbage-first heap   total 71680K, used 23418K [0x0000000082400000, 0x0000000100000000)
  region size 1024K, 6 young (6144K), 5 survivors (5120K)
 Metaspace       used 44020K, committed 44672K, reserved 1114112K
  class space    used 5929K, committed 6208K, reserved 1048576K
}
Event: 9.293 GC heap after
{Heap after GC invocations=12 (full 0):
 garbage-first heap   total 71680K, used 22255K [0x0000000082400000, 0x0000000100000000)
  region size 1024K, 1 young (1024K), 1 survivors (1024K)
 Metaspace       used 44020K, committed 44672K, reserved 1114112K
  class space    used 5929K, committed 6208K, reserved 1048576K
}
Event: 10.404 GC heap before
{Heap before GC invocations=12 (full 0):
 garbage-first heap   total 71680K, used 53999K [0x0000000082400000, 0x0000000100000000)
  region size 1024K, 33 young (33792K), 1 survivors (1024K)
 Metaspace       used 48793K, committed 49472K, reserved 1114112K
  class space    used 6546K, committed 6848K, reserved 1048576K
}
Event: 10.408 GC heap after
{Heap after GC invocations=13 (full 0):
 garbage-first heap   total 71680K, used 23766K [0x0000000082400000, 0x0000000100000000)
  region size 1024K, 3 young (3072K), 3 survivors (3072K)
 Metaspace       used 48793K, committed 49472K, reserved 1114112K
  class space    used 6546K, committed 6848K, reserved 1048576K
}
Event: 11.052 GC heap before
{Heap before GC invocations=13 (full 0):
 garbage-first heap   total 71680K, used 55510K [0x0000000082400000, 0x0000000100000000)
  region size 1024K, 34 young (34816K), 3 survivors (3072K)
 Metaspace       used 51631K, committed 52224K, reserved 1114112K
  class space    used 6963K, committed 7232K, reserved 1048576K
}
Event: 11.058 GC heap after
{Heap after GC invocations=14 (full 0):
 garbage-first heap   total 71680K, used 26046K [0x0000000082400000, 0x0000000100000000)
  region size 1024K, 5 young (5120K), 5 survivors (5120K)
 Metaspace       used 51631K, committed 52224K, reserved 1114112K
  class space    used 6963K, committed 7232K, reserved 1048576K
}
Event: 253.373 GC heap before
{Heap before GC invocations=14 (full 0):
 garbage-first heap   total 71680K, used 54718K [0x0000000082400000, 0x0000000100000000)
  region size 1024K, 34 young (34816K), 5 survivors (5120K)
 Metaspace       used 56813K, committed 57600K, reserved 1114112K
  class space    used 7624K, committed 8000K, reserved 1048576K
}

Dll operation events (13 events):
Event: 0.017 Loaded shared library C:\Users\user\.jdks\openjdk-19\bin\java.dll
Event: 0.036 Loaded shared library C:\Users\user\.jdks\openjdk-19\bin\jsvml.dll
Event: 0.258 Loaded shared library C:\Users\user\.jdks\openjdk-19\bin\zip.dll
Event: 0.279 Loaded shared library C:\Users\user\.jdks\openjdk-19\bin\instrument.dll
Event: 0.291 Loaded shared library C:\Users\user\.jdks\openjdk-19\bin\net.dll
Event: 0.294 Loaded shared library C:\Users\user\.jdks\openjdk-19\bin\nio.dll
Event: 0.301 Loaded shared library C:\Users\user\.jdks\openjdk-19\bin\zip.dll
Event: 0.447 Loaded shared library C:\Program Files\JetBrains\IntelliJ IDEA 2022.1\bin\breakgen64.dll
Event: 0.461 Loaded shared library C:\Users\user\.jdks\openjdk-19\bin\jimage.dll
Event: 0.471 Loaded shared library C:\Users\user\.jdks\openjdk-19\bin\extnet.dll
Event: 0.504 Loaded shared library C:\Users\user\.jdks\openjdk-19\bin\management.dll
Event: 0.539 Loaded shared library C:\Users\user\.jdks\openjdk-19\bin\management_ext.dll
Event: 6.369 Loaded shared library C:\Users\user\.jdks\openjdk-19\bin\sunmscapi.dll

Deoptimization events (16 events):
Event: 0.872 Thread 0x000001eb130fcc90 DEOPT PACKING pc=0x000001eb1b2f6855 sp=0x000000d13a8fd0e0
Event: 0.872 Thread 0x000001eb130fcc90 DEOPT UNPACKING pc=0x000001eb1b0b7543 sp=0x000000d13a8fc590 mode 3
Event: 0.921 Thread 0x000001eb130fcc90 DEOPT PACKING pc=0x000001eb1b429c50 sp=0x000000d13a8fd0b0
Event: 0.921 Thread 0x000001eb130fcc90 DEOPT UNPACKING pc=0x000001eb1b0b7543 sp=0x000000d13a8fc568 mode 3
Event: 3.139 Thread 0x000001eb130fcc90 DEOPT PACKING pc=0x000001eb1b635e39 sp=0x000000d13a8fd400
Event: 3.139 Thread 0x000001eb130fcc90 DEOPT UNPACKING pc=0x000001eb1b0b7543 sp=0x000000d13a8fc8e0 mode 3
Event: 6.255 Thread 0x000001eb130fcc90 DEOPT PACKING pc=0x000001eb1b90645d sp=0x000000d13a8fd420
Event: 6.255 Thread 0x000001eb130fcc90 DEOPT UNPACKING pc=0x000001eb1b0b7543 sp=0x000000d13a8fc988 mode 3
Event: 9.941 Thread 0x000001eb130fcc90 DEOPT PACKING pc=0x000001eb1b682c24 sp=0x000000d13a8faa20
Event: 9.941 Thread 0x000001eb130fcc90 DEOPT UNPACKING pc=0x000001eb1b0b7543 sp=0x000000d13a8f9f78 mode 0
Event: 10.899 Thread 0x000001eb130fcc90 DEOPT PACKING pc=0x000001eb1b699fba sp=0x000000d13a8fb6a0
Event: 10.899 Thread 0x000001eb130fcc90 DEOPT UNPACKING pc=0x000001eb1b0b7543 sp=0x000000d13a8faba8 mode 3
Event: 10.900 Thread 0x000001eb130fcc90 DEOPT PACKING pc=0x000001eb1b655a4c sp=0x000000d13a8fb660
Event: 10.900 Thread 0x000001eb130fcc90 DEOPT UNPACKING pc=0x000001eb1b0b7543 sp=0x000000d13a8faba8 mode 3
Event: 10.901 Thread 0x000001eb130fcc90 DEOPT PACKING pc=0x000001eb1b650936 sp=0x000000d13a8fb5f0
Event: 10.901 Thread 0x000001eb130fcc90 DEOPT UNPACKING pc=0x000001eb1b0b7543 sp=0x000000d13a8faba8 mode 3

Classes loaded (20 events):
Event: 217.512 Loading class java/lang/invoke/ConstantBootstraps
Event: 217.512 Loading class java/lang/invoke/ConstantBootstraps done
Event: 217.569 Loading class java/io/EOFException
Event: 217.569 Loading class java/io/EOFException done
Event: 217.732 Loading class jdk/internal/loader/BootLoader$PackageHelper
Event: 217.732 Loading class jdk/internal/loader/BootLoader$PackageHelper done
Event: 253.049 Loading class java/time/format/DateTimeFormatterBuilder$ZoneTextPrinterParser
Event: 253.050 Loading class java/time/format/DateTimeFormatterBuilder$ZoneTextPrinterParser done
Event: 253.050 Loading class java/time/format/DateTimeFormatterBuilder$ReducedPrinterParser
Event: 253.050 Loading class java/time/format/DateTimeFormatterBuilder$ReducedPrinterParser done
Event: 253.057 Loading class java/io/PushbackInputStream
Event: 253.057 Loading class java/io/PushbackInputStream done
Event: 253.057 Loading class java/util/OptionalLong
Event: 253.058 Loading class java/util/OptionalLong done
Event: 253.058 Loading class java/util/OptionalDouble
Event: 253.058 Loading class java/util/OptionalDouble done
Event: 253.060 Loading class org/w3c/dom/Node
Event: 253.060 Loading class org/w3c/dom/Node done
Event: 253.060 Loading class org/w3c/dom/Document
Event: 253.061 Loading class org/w3c/dom/Document done

Classes unloaded (0 events):
No events

Classes redefined (0 events):
No events

Internal exceptions (20 events):
Event: 9.798 Thread 0x000001eb130fcc90 Exception <a 'java/lang/IncompatibleClassChangeError'{0x0000000086330408}: Found class java.lang.Object, but interface was expected> (0x0000000086330408) 
thrown [s\open\src\hotspot\share\interpreter\linkResolver.cpp, line 841]
Event: 9.837 Thread 0x000001eb130fcc90 Exception <a 'java/lang/IncompatibleClassChangeError'{0x0000000086284ac0}: Found class java.lang.Object, but interface was expected> (0x0000000086284ac0) 
thrown [s\open\src\hotspot\share\interpreter\linkResolver.cpp, line 841]
Event: 9.995 Thread 0x000001eb130fcc90 Exception <a 'java/lang/IncompatibleClassChangeError'{0x0000000085cb8988}: Found class java.lang.Object, but interface was expected> (0x0000000085cb8988) 
thrown [s\open\src\hotspot\share\interpreter\linkResolver.cpp, line 841]
Event: 10.128 Thread 0x000001eb130fcc90 Exception <a 'java/lang/IncompatibleClassChangeError'{0x0000000085462510}: Found class java.lang.Object, but interface was expected> (0x0000000085462510) 
thrown [s\open\src\hotspot\share\interpreter\linkResolver.cpp, line 841]
Event: 10.128 Thread 0x000001eb130fcc90 Exception <a 'java/lang/IncompatibleClassChangeError'{0x00000000854690b8}: Found class java.lang.Object, but interface was expected> (0x00000000854690b8) 
thrown [s\open\src\hotspot\share\interpreter\linkResolver.cpp, line 841]
Event: 10.198 Thread 0x000001eb130fcc90 Exception <a 'java/lang/NoSuchMethodError'{0x00000000851129f0}: 'void java.lang.invoke.Invokers$Holder.invokeExact_MT(java.lang.Object, java.lang.Object, java.lang.Object, java.lang.Object)'> (0x00000000851129f0) 
thrown [s\open\src\hotspot\share\interpreter\linkResolver.cpp, line 774]
Event: 10.247 Thread 0x000001eb130fcc90 Exception <a 'java/lang/NoSuchMethodError'{0x000000008508e398}: 'long java.lang.invoke.DirectMethodHandle$Holder.invokeVirtual(java.lang.Object, java.lang.Object)'> (0x000000008508e398) 
thrown [s\open\src\hotspot\share\interpreter\linkResolver.cpp, line 774]
Event: 10.562 Thread 0x000001eb130fcc90 Exception <a 'java/lang/NoSuchMethodError'{0x0000000085ecf158}: 'java.lang.Object java.lang.invoke.DirectMethodHandle$Holder.newInvokeSpecial(java.lang.Object, java.lang.Object, java.lang.Object, java.lang.Object, java.lang.Object, java.lang.Object, java.lang.Object, java.lang.Object)'> (0x0000000085ecf158) 
thrown [s\open\src\hotspot\share\interpreter\linkResolver.cpp, line 774]
Event: 10.882 Thread 0x000001eb130fcc90 Exception <a 'java/lang/IncompatibleClassChangeError'{0x0000000085035618}: Found class java.lang.Object, but interface was expected> (0x0000000085035618) 
thrown [s\open\src\hotspot\share\interpreter\linkResolver.cpp, line 841]
Event: 11.029 Thread 0x000001eb130fcc90 Exception <a 'java/lang/NoSuchMethodError'{0x0000000084b27848}: 'void java.lang.invoke.DirectMethodHandle$Holder.invokeVirtual(java.lang.Object, java.lang.Object, long)'> (0x0000000084b27848) 
thrown [s\open\src\hotspot\share\interpreter\linkResolver.cpp, line 774]
Event: 11.062 Thread 0x000001eb130fcc90 Exception <a 'java/lang/NoSuchMethodError'{0x000000008a123100}: 'java.lang.Object java.lang.invoke.DirectMethodHandle$Holder.invokeSpecial(java.lang.Object, java.lang.Object, int, int, int, int)'> (0x000000008a123100) 
thrown [s\open\src\hotspot\share\interpreter\linkResolver.cpp, line 774]
Event: 11.253 Thread 0x000001eb130fcc90 Exception <a 'java/io/FileNotFoundException'{0x00000000862aa010}> (0x00000000862aa010) 
thrown [s\open\src\hotspot\share\prims\jni.cpp, line 517]
Event: 11.253 Thread 0x000001eb130fcc90 Exception <a 'java/io/FileNotFoundException'{0x00000000862b41a0}> (0x00000000862b41a0) 
thrown [s\open\src\hotspot\share\prims\jni.cpp, line 517]
Event: 11.312 Thread 0x000001eb130fcc90 Exception <a 'java/lang/NoSuchMethodError'{0x00000000860a3168}: 'java.lang.Object java.lang.invoke.DirectMethodHandle$Holder.newInvokeSpecial(java.lang.Object, java.lang.Object, int, java.lang.Object, java.lang.Object)'> (0x00000000860a3168) 
thrown [s\open\src\hotspot\share\interpreter\linkResolver.cpp, line 774]
Event: 11.313 Thread 0x000001eb130fcc90 Exception <a 'java/lang/NoSuchMethodError'{0x00000000860ae510}: 'java.lang.Object java.lang.invoke.DirectMethodHandle$Holder.invokeSpecial(java.lang.Object, java.lang.Object, int, java.lang.Object, int, java.lang.Object)'> (0x00000000860ae510) 
thrown [s\open\src\hotspot\share\interpreter\linkResolver.cpp, line 774]
Event: 11.314 Thread 0x000001eb130fcc90 Exception <a 'java/lang/NoSuchMethodError'{0x00000000860b6268}: 'java.lang.Object java.lang.invoke.DirectMethodHandle$Holder.newInvokeSpecial(java.lang.Object, java.lang.Object, int, java.lang.Object, int)'> (0x00000000860b6268) 
thrown [s\open\src\hotspot\share\interpreter\linkResolver.cpp, line 774]
Event: 11.314 Thread 0x000001eb130fcc90 Exception <a 'java/lang/NoSuchMethodError'{0x00000000860ba380}: 'java.lang.Object java.lang.invoke.DirectMethodHandle$Holder.invokeSpecial(java.lang.Object, java.lang.Object, java.lang.Object, int, java.lang.Object, int)'> (0x00000000860ba380) 
thrown [s\open\src\hotspot\share\interpreter\linkResolver.cpp, line 774]
Event: 11.681 Thread 0x000001eb2a2e6f90 Exception <a 'java/lang/NoSuchMethodError'{0x0000000085ca9f30}: 'java.lang.Object java.lang.invoke.DirectMethodHandle$Holder.invokeInterface(java.lang.Object, java.lang.Object, java.lang.Object, java.lang.Object, java.lang.Object, java.lang.Object, java.lang.Object)'> (0x0000000085ca9f30) 
thrown [s\open\src\hotspot\share\interpreter\linkResolver.cpp, line 774]
Event: 217.566 Thread 0x000001eb2b14c5c0 Exception <a 'java/lang/NoSuchMethodError'{0x0000000085ad5970}: 'java.lang.Object java.lang.invoke.DirectMethodHandle$Holder.invokeSpecial(java.lang.Object, java.lang.Object, java.lang.Object, java.lang.Object, java.lang.Object, long)'> (0x0000000085ad5970) 
thrown [s\open\src\hotspot\share\interpreter\linkResolver.cpp, line 774]
Event: 217.566 Thread 0x000001eb2b14c5c0 Exception <a 'java/lang/NoSuchMethodError'{0x0000000085ad93c0}: 'java.lang.Object java.lang.invoke.Invokers$Holder.linkToTargetMethod(java.lang.Object, java.lang.Object, java.lang.Object, long, java.lang.Object)'> (0x0000000085ad93c0) 
thrown [s\open\src\hotspot\share\interpreter\linkResolver.cpp, line 774]

VM Operations (20 events):
Event: 211.401 Executing VM operation: Cleanup done
Event: 217.508 Executing VM operation: HandshakeAllThreads
Event: 217.508 Executing VM operation: HandshakeAllThreads done
Event: 217.585 Executing VM operation: HandshakeAllThreads
Event: 217.585 Executing VM operation: HandshakeAllThreads done
Event: 217.585 Executing VM operation: Cleanup
Event: 217.586 Executing VM operation: Cleanup done
Event: 217.714 Executing VM operation: HandshakeAllThreads
Event: 217.715 Executing VM operation: HandshakeAllThreads done
Event: 218.715 Executing VM operation: Cleanup
Event: 218.716 Executing VM operation: Cleanup done
Event: 253.031 Executing VM operation: HandshakeAllThreads
Event: 253.031 Executing VM operation: HandshakeAllThreads done
Event: 253.031 Executing VM operation: Cleanup
Event: 253.032 Executing VM operation: Cleanup done
Event: 253.051 Executing VM operation: HandshakeAllThreads
Event: 253.051 Executing VM operation: HandshakeAllThreads done
Event: 253.114 Executing VM operation: HandshakeAllThreads
Event: 253.114 Executing VM operation: HandshakeAllThreads done
Event: 253.373 Executing VM operation: G1CollectForAllocation

Events (20 events):
Event: 11.341 Thread 0x000001eb2bbe3b30 Thread added: 0x000001eb2bbe3b30
Event: 11.391 Thread 0x000001eb130fcc90 Thread exited: 0x000001eb130fcc90
Event: 11.392 Thread 0x000001eb2bbe4080 Thread added: 0x000001eb2bbe4080
Event: 11.639 Thread 0x000001eb2bbe45d0 Thread added: 0x000001eb2bbe45d0
Event: 11.663 Thread 0x000001eb2bbe7af0 Thread added: 0x000001eb2bbe7af0
Event: 11.677 Thread 0x000001eb2bbe5b10 Thread added: 0x000001eb2bbe5b10
Event: 11.679 Thread 0x000001eb2bbe45d0 Thread exited: 0x000001eb2bbe45d0
Event: 11.689 Thread 0x000001eb2bbe7af0 Thread exited: 0x000001eb2bbe7af0
Event: 11.696 Thread 0x000001eb2bbe6b00 Thread added: 0x000001eb2bbe6b00
Event: 11.724 Thread 0x000001eb2bbe7af0 Thread added: 0x000001eb2bbe7af0
Event: 11.730 Thread 0x000001eb2bbe0610 Thread added: 0x000001eb2bbe0610
Event: 11.735 Thread 0x000001eb2bbe6b00 Thread exited: 0x000001eb2bbe6b00
Event: 11.743 Thread 0x000001eb2bbe0610 Thread exited: 0x000001eb2bbe0610
Event: 13.587 Thread 0x000001eb2b14d060 Thread exited: 0x000001eb2b14d060
Event: 16.748 Thread 0x000001eb29d60790 Thread exited: 0x000001eb29d60790
Event: 20.271 Thread 0x000001eb29d5fe00 Thread exited: 0x000001eb29d5fe00
Event: 25.280 Thread 0x000001eb2989a010 Thread exited: 0x000001eb2989a010
Event: 89.524 Thread 0x000001eb2a2e6f90 Thread exited: 0x000001eb2a2e6f90
Event: 89.524 Thread 0x000001eb2bbe7af0 Thread exited: 0x000001eb2bbe7af0
Event: 107.732 Thread 0x000001eb2bbe5b10 Thread exited: 0x000001eb2bbe5b10


Dynamic libraries:
0x00007ff7cce50000 - 0x00007ff7cce5e000 	C:\Users\user\.jdks\openjdk-19\bin\java.exe
0x00007ff86ead0000 - 0x00007ff86ecc5000 	C:\Windows\SYSTEM32\ntdll.dll
0x00007ff86e650000 - 0x00007ff86e70d000 	C:\Windows\System32\KERNEL32.DLL
0x00007ff86c770000 - 0x00007ff86ca3d000 	C:\Windows\System32\KERNELBASE.dll
0x00007ff86c230000 - 0x00007ff86c330000 	C:\Windows\System32\ucrtbase.dll
0x00007ff864850000 - 0x00007ff864867000 	C:\Users\user\.jdks\openjdk-19\bin\jli.dll
0x00007ff846f00000 - 0x00007ff846f1b000 	C:\Users\user\.jdks\openjdk-19\bin\VCRUNTIME140.dll
0x00007ff86de30000 - 0x00007ff86dfd0000 	C:\Windows\System32\USER32.dll
0x00007ff85d6d0000 - 0x00007ff85d96a000 	C:\Windows\WinSxS\amd64_microsoft.windows.common-controls_6595b64144ccf1df_6.0.19041.1110_none_60b5254171f9507e\COMCTL32.dll
0x00007ff86c330000 - 0x00007ff86c352000 	C:\Windows\System32\win32u.dll
0x00007ff86cc40000 - 0x00007ff86ccde000 	C:\Windows\System32\msvcrt.dll
0x00007ff86cb50000 - 0x00007ff86cb7a000 	C:\Windows\System32\GDI32.dll
0x00007ff86c5c0000 - 0x00007ff86c6cb000 	C:\Windows\System32\gdi32full.dll
0x00007ff86c6d0000 - 0x00007ff86c76d000 	C:\Windows\System32\msvcp_win.dll
0x00007ff86cb20000 - 0x00007ff86cb50000 	C:\Windows\System32\IMM32.DLL
0x00007ff85b870000 - 0x00007ff85b87c000 	C:\Users\user\.jdks\openjdk-19\bin\vcruntime140_1.dll
0x00007ff840050000 - 0x00007ff8400de000 	C:\Users\user\.jdks\openjdk-19\bin\msvcp140.dll
0x00007ff80f570000 - 0x00007ff810230000 	C:\Users\user\.jdks\openjdk-19\bin\server\jvm.dll
0x00007ff86dfe0000 - 0x00007ff86e08e000 	C:\Windows\System32\ADVAPI32.dll
0x00007ff86e710000 - 0x00007ff86e7ac000 	C:\Windows\System32\sechost.dll
0x00007ff86e7b0000 - 0x00007ff86e8d5000 	C:\Windows\System32\RPCRT4.dll
0x00007ff84bd60000 - 0x00007ff84bd69000 	C:\Windows\SYSTEM32\WSOCK32.dll
0x00007ff857030000 - 0x00007ff857057000 	C:\Windows\SYSTEM32\WINMM.dll
0x00007ff86db30000 - 0x00007ff86db9b000 	C:\Windows\System32\WS2_32.dll
0x00007ff85ab50000 - 0x00007ff85ab5a000 	C:\Windows\SYSTEM32\VERSION.dll
0x00007ff86a0a0000 - 0x00007ff86a0b2000 	C:\Windows\SYSTEM32\kernel.appcore.dll
0x00007ff85b450000 - 0x00007ff85b45a000 	C:\Users\user\.jdks\openjdk-19\bin\jimage.dll
0x00007ff859c30000 - 0x00007ff859e14000 	C:\Windows\SYSTEM32\DBGHELP.DLL
0x00007ff859c00000 - 0x00007ff859c2c000 	C:\Windows\SYSTEM32\dbgcore.DLL
0x00007ff86c3d0000 - 0x00007ff86c452000 	C:\Windows\System32\bcryptPrimitives.dll
0x00007ff85a6d0000 - 0x00007ff85a6de000 	C:\Users\user\.jdks\openjdk-19\bin\instrument.dll
0x00007ff846ed0000 - 0x00007ff846ef6000 	C:\Users\user\.jdks\openjdk-19\bin\java.dll
0x00007ff83ff70000 - 0x00007ff840047000 	C:\Users\user\.jdks\openjdk-19\bin\jsvml.dll
0x00007ff86d3e0000 - 0x00007ff86db24000 	C:\Windows\System32\SHELL32.dll
0x00007ff86a2a0000 - 0x00007ff86aa34000 	C:\Windows\SYSTEM32\windows.storage.dll
0x00007ff86cd50000 - 0x00007ff86d0a4000 	C:\Windows\System32\combase.dll
0x00007ff86ba90000 - 0x00007ff86babc000 	C:\Windows\SYSTEM32\Wldp.dll
0x00007ff86dd20000 - 0x00007ff86ddcd000 	C:\Windows\System32\SHCORE.dll
0x00007ff86cce0000 - 0x00007ff86cd35000 	C:\Windows\System32\shlwapi.dll
0x00007ff86c120000 - 0x00007ff86c13f000 	C:\Windows\SYSTEM32\profapi.dll
0x00007ff845340000 - 0x00007ff845358000 	C:\Users\user\.jdks\openjdk-19\bin\zip.dll
0x00007ff85b5a0000 - 0x00007ff85b5b3000 	C:\Users\user\.jdks\openjdk-19\bin\net.dll
0x00007ff85dbd0000 - 0x00007ff85dcda000 	C:\Windows\SYSTEM32\WINHTTP.dll
0x00007ff86b870000 - 0x00007ff86b8da000 	C:\Windows\system32\mswsock.dll
0x00007ff85b580000 - 0x00007ff85b596000 	C:\Users\user\.jdks\openjdk-19\bin\nio.dll
0x00007ff840710000 - 0x00007ff84072a000 	C:\Program Files\JetBrains\IntelliJ IDEA 2022.1\bin\breakgen64.dll
0x00007ff85a6c0000 - 0x00007ff85a6c8000 	C:\Users\user\.jdks\openjdk-19\bin\extnet.dll
0x00007ff86b5c0000 - 0x00007ff86b68b000 	C:\Windows\SYSTEM32\DNSAPI.dll
0x00007ff86b580000 - 0x00007ff86b5bb000 	C:\Windows\SYSTEM32\IPHLPAPI.DLL
0x00007ff86e1c0000 - 0x00007ff86e1c8000 	C:\Windows\System32\NSI.dll
0x00007ff85b8e0000 - 0x00007ff85b8ea000 	C:\Windows\System32\rasadhlp.dll
0x00007ff85f190000 - 0x00007ff85f210000 	C:\Windows\System32\fwpuclnt.dll
0x00007ff86ca40000 - 0x00007ff86ca67000 	C:\Windows\System32\bcrypt.dll
0x00007ff849140000 - 0x00007ff84914a000 	C:\Users\user\.jdks\openjdk-19\bin\management.dll
0x00007ff8473c0000 - 0x00007ff8473cb000 	C:\Users\user\.jdks\openjdk-19\bin\management_ext.dll
0x00007ff86cd40000 - 0x00007ff86cd48000 	C:\Windows\System32\PSAPI.DLL
0x00007ff86bb30000 - 0x00007ff86bb48000 	C:\Windows\SYSTEM32\CRYPTSP.dll
0x00007ff86b210000 - 0x00007ff86b244000 	C:\Windows\system32\rsaenh.dll
0x00007ff86c0e0000 - 0x00007ff86c10e000 	C:\Windows\SYSTEM32\USERENV.dll
0x00007ff86ba00000 - 0x00007ff86ba0c000 	C:\Windows\SYSTEM32\CRYPTBASE.dll
0x00007ff8646f0000 - 0x00007ff864707000 	C:\Windows\SYSTEM32\dhcpcsvc6.DLL
0x00007ff864c90000 - 0x00007ff864cad000 	C:\Windows\SYSTEM32\dhcpcsvc.DLL
0x00007ff844900000 - 0x00007ff844917000 	C:\Windows\system32\napinsp.dll
0x00007ff8448e0000 - 0x00007ff8448fb000 	C:\Windows\system32\pnrpnsp.dll
0x00007ff866d60000 - 0x00007ff866d75000 	C:\Windows\system32\wshbth.dll
0x00007ff867b70000 - 0x00007ff867b8d000 	C:\Windows\system32\NLAapi.dll
0x00007ff8448c0000 - 0x00007ff8448d2000 	C:\Windows\System32\winrnr.dll
0x00007ff8647a0000 - 0x00007ff8647ae000 	C:\Users\user\.jdks\openjdk-19\bin\sunmscapi.dll
0x00007ff86c460000 - 0x00007ff86c5b6000 	C:\Windows\System32\CRYPT32.dll
0x00007ff86bcb0000 - 0x00007ff86bcd7000 	C:\Windows\SYSTEM32\ncrypt.dll
0x00007ff86bc70000 - 0x00007ff86bcab000 	C:\Windows\SYSTEM32\NTASN1.dll
0x00007ff8471b0000 - 0x00007ff8471b7000 	C:\Windows\system32\wshunix.dll

dbghelp: loaded successfully - version: 4.0.5 - missing functions: none
symbol engine: initialized successfully - sym options: 0x614 - pdb path: .;C:\Users\user\.jdks\openjdk-19\bin;C:\Windows\SYSTEM32;C:\Windows\WinSxS\amd64_microsoft.windows.common-controls_6595b64144ccf1df_6.0.19041.1110_none_60b5254171f9507e;C:\Users\user\.jdks\openjdk-19\bin\server;C:\Program Files\JetBrains\IntelliJ IDEA 2022.1\bin

VM Arguments:
jvm_args: -XX:TieredStopAtLevel=1 -Xverify:none -Dspring.output.ansi.enabled=always -Dcom.sun.management.jmxremote -Dspring.jmx.enabled=true -Dspring.liveBeansView.mbeanDomain -Dspring.application.admin.enabled=true -javaagent:C:\Program Files\JetBrains\IntelliJ IDEA 2022.1\lib\idea_rt.jar=1702:C:\Program Files\JetBrains\IntelliJ IDEA 2022.1\bin -Dfile.encoding=UTF-8 
java_command: com.example.Ticketing.TicketingApplication
java_class_path (initial): C:\Users\user\Desktop\Spring Boot\Ticketing\target\classes;C:\Users\user\.m2\repository\org\springframework\boot\spring-boot-starter-data-jpa\3.0.6\spring-boot-starter-data-jpa-3.0.6.jar;C:\Users\user\.m2\repository\org\springframework\boot\spring-boot-starter-aop\3.0.6\spring-boot-starter-aop-3.0.6.jar;C:\Users\user\.m2\repository\org\aspectj\aspectjweaver\1.9.19\aspectjweaver-1.9.19.jar;C:\Users\user\.m2\repository\org\springframework\boot\spring-boot-starter-jdbc\3.0.6\spring-boot-starter-jdbc-3.0.6.jar;C:\Users\user\.m2\repository\com\zaxxer\HikariCP\5.0.1\HikariCP-5.0.1.jar;C:\Users\user\.m2\repository\org\springframework\spring-jdbc\6.0.8\spring-jdbc-6.0.8.jar;C:\Users\user\.m2\repository\org\hibernate\orm\hibernate-core\6.1.7.Final\hibernate-core-6.1.7.Final.jar;C:\Users\user\.m2\repository\jakarta\persistence\jakarta.persistence-api\3.1.0\jakarta.persistence-api-3.1.0.jar;C:\Users\user\.m2\repository\jakarta\transaction\jakarta.transaction-api\2.0.1\jakarta.transaction-api-2.0.1.jar;C:\Users\user\.m2\repository\org\jboss\logging\jboss-logging\3.5.0.Final\jboss-logging-3.5.0.Final.jar;C:\Users\user\.m2\repository\org\hibernate\common\hibernate-commons-annotations\6.0.6.Final\hibernate-commons-annotations-6.0.6.Final.jar;C:\Users\user\.m2\repository\org\jboss\jandex\2.4.2.Final\jandex-2.4.2.Final.jar;C:\Users\user\.m2\repository\com\fasterxml\classmate\1.5.1\classmate-1.5.1.jar;C:\Users\user\.m2\repository\net\bytebuddy\byte-buddy\1.12.23\byte-buddy-1.12.23.jar;C:\Users\user\.m2\repository\org\glassfish\jaxb\jaxb-runtime\4.0.2\jaxb-runtime-4.0.2.jar;C:\Users\user\.m2\repository\org\glassfish\jaxb\jaxb-core\4.0.2\jaxb-core-4.0.2.jar;C:\Users\user\.m2\repository\org\glassfish\jaxb\txw2\4.0.2\txw2-4.0.2.jar;C:\Users\user\.m2\repository\com\sun\istack\istack-commons-runtime\4.1.1\istack-commons-runtime-4.1.1.jar;C:\Users\user\.m2\repository\jakarta\inject\jakarta.inject-api\2.0.0\jakarta.inject-api-2.0.0.jar;C:\Users\user\.m2\repository\org\antlr\antlr4-runtime\4.10.1\antlr4-runtime-4.10.1.jar;C:\Users\user\.m2\repository\org\springframework\data\spring-data-jpa\3.0.5\spring-data-jpa-3.0.5.jar;C:\Users\user\.m2\repository\org\springframework\data\spring-data-commons\3.0.5\spring-data-commons-3.0.5.jar;C:\Users\user\.m2\repository\org\springframework\spring-orm\6.0.8\spring-orm-6.0.8.jar;C:\Users\user\.m2\repository\org\springframework\spring-context\6.0.8\spring-context-6.0.8.jar;C:\Users\user\.m2\repository\org\springframework\spring-tx\6.0.8\spring-tx-6.0.8.jar;C:\Users\user\.m2\repository\org\springframework\spring-beans\6.0.8\spring-beans-6.0.8.jar;C:\Users\user\.m2\repository\org\slf4j\slf4j-api\2.0.7\slf4j-api-2.0.7.jar;C:\Users\user\.m2\repository\org\springframework\spring-aspects\6.0.8\spring-aspects-6.0.8.jar;C:\Users\user\.m2\repository\org\springframework\boot\spring-boot-starter-web\3.0.6\spring-boot-starter-web-3.0.6.jar;C:\Users\user\.m2\repository\org\springframework\boot\spring-boot-starter\3.0.6\spring-boot-starter-3.0.6.jar;C:\Users\user\.m2\repository\org\springframework\boot\spring-boot\3.0.6\spring-boot-3.0.6.jar;C:\Users\user\.m2\repository\org\springframework\boot\spring-boot-autoconfigure\3.0.6\spring-boot-autoconfigure-3.0.6.jar;C:\Users\user\.m2\repository\org\springframework\boot\spring-boot-starter-logging\3.0.6\spring-boot-starter-logging-3.0.6.jar;C:\Users\user\.m2\repository\ch\qos\logback\logback-classic\1.4.7\logback-classic-1.4.7.jar;C:\Users\user\.m2\repository\ch\qos\logback\logback-core\1.4.7\logback-core-1.4.7.jar;C:\Users\user\.m2\repository\org\apache\logging\log4j\log4j-to-slf4j\2.19.0\log4j-to-slf4j-2.19.0.jar;C:\Users\user\.m2\repository\org\apache\logging\log4j\log4j-api\2.19.0\log4j-api-2.19.0.jar;C:\Users\user\.m2\repository\org\slf4j\jul-to-slf4j\2.0.7\jul-to-slf4j-2.0.7.jar;C:\Users\user\.m2\repository\org\yaml\snakeyaml\1.33\snakeyaml-1.33.jar;C:\Users\user\.m2\repository\org\springframework\boot\spring-boot-starter-json\3.0.6\spring-boot-starter-json-3.0.6.jar;C:\Users\user\.m2\repository\com\fasterxml\jackson\datatype\jackson-datatype-jdk8\2.14.2\jackson-datatype-jdk8-2.14.2.jar;C:\Users\user\.m2\repository\com\fasterxml\jackson\datatype\jackson-datatype-jsr310\2.14.2\jackson-datatype-jsr310-2.14.2.jar;C:\Users\user\.m2\repository\com\fasterxml\jackson\module\jackson-module-parameter-names\2.14.2\jackson-module-parameter-names-2.14.2.jar;C:\Users\user\.m2\repository\org\springframework\spring-web\6.0.8\spring-web-6.0.8.jar;C:\Users\user\.m2\repository\io\micrometer\micrometer-observation\1.10.6\micrometer-observation-1.10.6.jar;C:\Users\user\.m2\repository\io\micrometer\micrometer-commons\1.10.6\micrometer-commons-1.10.6.jar;C:\Users\user\.m2\repository\org\springframework\spring-webmvc\6.0.8\spring-webmvc-6.0.8.jar;C:\Users\user\.m2\repository\org\springframework\spring-expression\6.0.8\spring-expression-6.0.8.jar;C:\Users\user\.m2\repository\org\postgresql\postgresql\42.5.4\postgresql-42.5.4.jar;C:\Users\user\.m2\repository\org\checkerframework\checker-qual\3.5.0\checker-qual-3.5.0.jar;C:\Users\user\.m2\repository\org\springframework\boot\spring-boot-starter-security\3.0.6\spring-boot-starter-security-3.0.6.jar;C:\Users\user\.m2\repository\org\springframework\spring-aop\6.0.8\spring-aop-6.0.8.jar;C:\Users\user\.m2\repository\org\springframework\security\spring-security-config\6.0.3\spring-security-config-6.0.3.jar;C:\Users\user\.m2\repository\org\springframework\security\spring-security-web\6.0.3\spring-security-web-6.0.3.jar;C:\Users\user\.m2\repository\io\jsonwebtoken\jjwt-api\0.11.5\jjwt-api-0.11.5.jar;C:\Users\user\.m2\repository\io\jsonwebtoken\jjwt-impl\0.11.5\jjwt-impl-0.11.5.jar;C:\Users\user\.m2\repository\io\jsonwebtoken\jjwt-jackson\0.11.5\jjwt-jackson-0.11.5.jar;C:\Users\user\.m2\repository\com\fasterxml\jackson\core\jackson-databind\2.14.2\jackson-databind-2.14.2.jar;C:\Users\user\.m2\repository\com\fasterxml\jackson\core\jackson-annotations\2.14.2\jackson-annotations-2.14.2.jar;C:\Users\user\.m2\repository\com\fasterxml\jackson\core\jackson-core\2.14.2\jackson-core-2.14.2.jar;C:\Users\user\.m2\repository\jakarta\xml\bind\jakarta.xml.bind-api\4.0.0\jakarta.xml.bind-api-4.0.0.jar;C:\Users\user\.m2\repository\jakarta\activation\jakarta.activation-api\2.1.1\jakarta.activation-api-2.1.1.jar;C:\Users\user\.m2\repository\org\springframework\spring-core\6.0.8\spring-core-6.0.8.jar;C:\Users\user\.m2\repository\org\springframework\spring-jcl\6.0.8\spring-jcl-6.0.8.jar;C:\Users\user\.m2\repository\org\springframework\security\spring-security-core\6.0.3\spring-security-core-6.0.3.jar;C:\Users\user\.m2\repository\org\springframework\security\spring-security-crypto\6.0.3\spring-security-crypto-6.0.3.jar;C:\Users\user\.m2\repository\org\springframework\boot\spring-boot-starter-mail\3.0.6\spring-boot-starter-mail-3.0.6.jar;C:\Users\user\.m2\repository\org\springframework\spring-context-support\6.0.8\spring-context-support-6.0.8.jar;C:\Users\user\.m2\repository\org\eclipse\angus\jakarta.mail\1.0.0\jakarta.mail-1.0.0.jar;C:\Users\user\.m2\repository\org\eclipse\angus\angus-activation\2.0.0\angus-activation-2.0.0.jar;C:\Users\user\.m2\repository\org\projectlombok\lombok\1.18.26\lombok-1.18.26.jar;C:\Users\user\.m2\repository\org\springframework\boot\spring-boot-starter-tomcat\3.0.6\spring-boot-starter-tomcat-3.0.6.jar;C:\Users\user\.m2\repository\jakarta\annotation\jakarta.annotation-api\2.1.1\jakarta.annotation-api-2.1.1.jar;C:\Users\user\.m2\repository\org\apache\tomcat\embed\tomcat-embed-core\10.1.8\tomcat-embed-core-10.1.8.jar;C:\Users\user\.m2\repository\org\apache\tomcat\embed\tomcat-embed-el\10.1.8\tomcat-embed-el-10.1.8.jar;C:\Users\user\.m2\repository\org\apache\tomcat\embed\tomcat-embed-websocket\10.1.8\tomcat-embed-websocket-10.1.8.jar
Launcher Type: SUN_STANDARD

[Global flags]
     intx CICompilerCount                          = 4                                         {product} {ergonomic}
     uint ConcGCThreads                            = 2                                         {product} {ergonomic}
     uint G1ConcRefinementThreads                  = 8                                         {product} {ergonomic}
   size_t G1HeapRegionSize                         = 1048576                                   {product} {ergonomic}
    uintx GCDrainStackTargetSize                   = 64                                        {product} {ergonomic}
   size_t InitialHeapSize                          = 132120576                                 {product} {ergonomic}
     bool ManagementServer                         = true                                      {product} {command line}
   size_t MarkStackSize                            = 4194304                                   {product} {ergonomic}
   size_t MaxHeapSize                              = 2109734912                                {product} {ergonomic}
   size_t MaxNewSize                               = 1265631232                                {product} {ergonomic}
   size_t MinHeapDeltaBytes                        = 1048576                                   {product} {ergonomic}
   size_t MinHeapSize                              = 8388608                                   {product} {ergonomic}
    uintx NonProfiledCodeHeapSize                  = 0                                      {pd product} {ergonomic}
     bool ProfileInterpreter                       = false                                  {pd product} {command line}
    uintx ProfiledCodeHeapSize                     = 0                                      {pd product} {ergonomic}
   size_t SoftMaxHeapSize                          = 2109734912                             {manageable} {ergonomic}
     intx TieredStopAtLevel                        = 1                                         {product} {command line}
     bool UseCompressedClassPointers               = true                           {product lp64_product} {ergonomic}
     bool UseCompressedOops                        = true                           {product lp64_product} {ergonomic}
     bool UseG1GC                                  = true                                      {product} {ergonomic}
     bool UseLargePagesIndividualAllocation        = false                                  {pd product} {ergonomic}

Logging:
Log output configuration:
 #0: stdout all=warning uptime,level,tags foldmultilines=false
 #1: stderr all=off uptime,level,tags foldmultilines=false

Environment Variables:
JAVA_HOME=C:\Program Files\Java\jdk-17
PATH=C:\Program Files\Java\jdk-17\bin;C:\Program Files\apache-maven-3.8.6\bin;C:\Program Files\Common Files\Oracle\Java\javapath;C:\Windows\system32;C:\Windows;C:\Windows\System32\Wbem;C:\Windows\System32\WindowsPowerShell\v1.0\;C:\Windows\System32\OpenSSH\;C:\Program Files\Git\cmd;C:\xampp\php;C:\ProgramData\ComposerSetup\bin;C:\Program Files\nodejs\;C:\Program Files\Docker\Docker\resources\bin;C:\ProgramData\DockerDesktop\version-bin;C:\Users\user\Desktop\kafka_2.13-3.3.1;C:\Program Files\Java\jdk-17\bin;C:\Program Files\gradle-7.5.1\bin;C:\Users\user\AppData\Local\Programs\Python\Python39\Scripts\;C:\Users\user\AppData\Local\Programs\Python\Python39\;C:\Users\user\AppData\Local\Microsoft\WindowsApps;C:\Users\user\AppData\Local\Programs\Microsoft VS Code\bin;C:\Users\user\Downloads\Compressed\flutter\bin;C:\Program Files\heroku\bin;C:\Users\user\AppData\Roaming\Composer\vendor\bin;C:\Users\user\Downloads\Compressed\flutter_windows_2.8.1-stable\flutter\bin;C:\Users\user\AppData\Local\Android\Sdk\platform-tools;C:\Users\user\AppData\Local\Android\Sdk;C:\Users\user\AppData\Roaming\npm;C:\Program Files\JetBrains\IntelliJ IDEA 2022.1\bin;;C:\Users\user\Desktop\kafka_2.13-3.3.1;
USERNAME=user
OS=Windows_NT
PROCESSOR_IDENTIFIER=Intel64 Family 6 Model 58 Stepping 9, GenuineIntel
TMP=C:\Users\user\AppData\Local\Temp
TEMP=C:\Users\user\AppData\Local\Temp



---------------  S Y S T E M  ---------------

OS:
 Windows 10 , 64 bit Build 19041 (10.0.19041.1706)
OS uptime: 0 days 3:11 hours
Hyper-V role detected

CPU: total 8 (initial active 8) (4 cores per cpu, 2 threads per core) family 6 model 58 stepping 9 microcode 0x21, cx8, cmov, fxsr, ht, mmx, sse, sse2, sse3, ssse3, sse4.1, sse4.2, popcnt, tsc, tscinvbit, avx, aes, erms, clmul, vzeroupper, clflush, hv, rdtscp

Memory: 4k page, system-wide physical 8047M (354M free)
TotalPageFile size 10843M (AvailPageFile size 5M)
current process WorkingSet (physical memory assigned to process): 201M, peak: 201M
current process commit charge ("private bytes"): 301M, peak: 314M

vm_info: OpenJDK 64-Bit Server VM (19+36-2238) for windows-amd64 JRE (19+36-2238), built on 2022-08-12T20:29:01Z by "mach5one" with MS VC++ 17.1 (VS2022)

END.
